<?xml version="1.0" encoding="UTF-8"?>
<!-- Generated by org.testng.reporters.JUnitReportReporter -->
<testsuite hostname="windows" failures="0" tests="5" name="test.LoginTest" time="154.702" errors="0" timestamp="2020-08-12T23:09:54 PDT" skipped="0">
  <testcase classname="test.LoginTest" name="login" time="9.553"/>
  <system-out/>
  <testcase classname="test.LoginTest" name="clientPageTest" time="25.726"/>
  <system-out/>
  <testcase classname="test.LoginTest" name="createClientTest" time="26.857"/>
  <system-out/>
  <testcase classname="test.LoginTest" name="workerTest" time="25.054"/>
  <system-out/>
  <testcase classname="test.LoginTest" name="createWorkerTest" time="67.512"/>
  <system-out/>
</testsuite> <!-- test.LoginTest -->
