<?xml version="1.0" encoding="UTF-8"?>
<!-- Generated by org.testng.reporters.JUnitReportReporter -->
<testsuite hostname="windows" failures="0" tests="2" name="test.WorkerTest" time="33.131" errors="0" timestamp="2020-08-12T21:30:01 PDT" skipped="0">
  <testcase classname="test.WorkerTest" name="login" time="8.324"/>
  <system-out/>
  <testcase classname="test.WorkerTest" name="workerTest" time="24.807"/>
  <system-out/>
</testsuite> <!-- test.WorkerTest -->
